Compilación iniciada a las 01/09/2015 05:41:51 p.m..
     1>Proyecto "C:\Users\Darwin\Dropbox\UNICAMP\Proc_Images_Grafos\Code\library_ift\library_ift\library_ift.vcxproj" en el nodo 2 (build destinos).
     1>InitializeBuildStatus:
         Aplicando tarea Touch a "Debug\library_ift.unsuccessfulbuild".
       ClCompile:
         C:\Program Files (x86)\Microsoft Visual Studio 10.0\VC\bin\CL.exe /c /ZI /nologo /W3 /WX- /Od /Oy- /D WIN32 /D _DEBUG /D _CONSOLE /D _UNICODE /D UNICODE /Gm /EHsc /RTC1 /MDd /GS /fp:precise /Zc:wchar_t /Zc:forScope /Fo"Debug\\" /Fd"Debug\vc100.pdb" /Gd /TC /analyze- /errorReport:prompt iftHOG.c
         iftHOG.c
     1>c:\users\darwin\dropbox\unicamp\proc_images_grafos\code\library_ift\library_ift\ifthog.c(30): warning C4101: 'y' : variable local sin referencia
     1>c:\users\darwin\dropbox\unicamp\proc_images_grafos\code\library_ift\library_ift\ifthog.c(30): warning C4101: 'x' : variable local sin referencia
     1>c:\users\darwin\dropbox\unicamp\proc_images_grafos\code\library_ift\library_ift\ifthog.c(30): warning C4101: 'i' : variable local sin referencia
     1>c:\users\darwin\dropbox\unicamp\proc_images_grafos\code\library_ift\library_ift\ifthog.c(30): warning C4101: 'yi' : variable local sin referencia
     1>c:\users\darwin\dropbox\unicamp\proc_images_grafos\code\library_ift\library_ift\ifthog.c(30): warning C4101: 'k' : variable local sin referencia
     1>c:\users\darwin\dropbox\unicamp\proc_images_grafos\code\library_ift\library_ift\ifthog.c(30): warning C4101: 'xi' : variable local sin referencia
     1>c:\users\darwin\dropbox\unicamp\proc_images_grafos\code\library_ift\library_ift\ifthog.c(30): warning C4101: 'j' : variable local sin referencia
     1>c:\users\darwin\dropbox\unicamp\proc_images_grafos\code\library_ift\library_ift\ifthog.c(47): warning C4716: 'iftRunHog' : debe devolver un valor
       ManifestResourceCompile:
         Todas las salidas están actualizadas.
       Link:
         C:\Program Files (x86)\Microsoft Visual Studio 10.0\VC\bin\link.exe /ERRORREPORT:PROMPT /OUT:"C:\Users\Darwin\Dropbox\UNICAMP\Proc_Images_Grafos\Code\library_ift\Debug\library_ift.exe" /INCREMENTAL /NOLOGO kernel32.lib user32.lib gdi32.lib winspool.lib comdlg32.lib advapi32.lib shell32.lib ole32.lib oleaut32.lib uuid.lib odbc32.lib odbccp32.lib /MANIFEST /ManifestFile:"Debug\library_ift.exe.intermediate.manifest" /MANIFESTUAC:"level='asInvoker' uiAccess='false'" /DEBUG /PDB:"C:\Users\Darwin\Dropbox\UNICAMP\Proc_Images_Grafos\Code\library_ift\Debug\library_ift.pdb" /SUBSYSTEM:CONSOLE /TLBID:1 /DYNAMICBASE /NXCOMPAT /IMPLIB:"C:\Users\Darwin\Dropbox\UNICAMP\Proc_Images_Grafos\Code\library_ift\Debug\library_ift.lib" /MACHINE:X86 Debug\library_ift.exe.embed.manifest.res
         Debug\iftAdjacency.obj
         Debug\iftColor.obj
         Debug\iftCommon.obj
         Debug\iftFIFO.obj
         Debug\iftHistogram.obj
         Debug\iftHOG.obj
         Debug\iftImage.obj
         Debug\iftMatrix.obj
         Debug\iftPlane.obj
         Debug\main.obj
       Manifest:
         C:\Program Files (x86)\Microsoft SDKs\Windows\v7.0A\bin\mt.exe /nologo /verbose /out:"Debug\library_ift.exe.embed.manifest" /manifest Debug\library_ift.exe.intermediate.manifest
         Todas las salidas están actualizadas.
       LinkEmbedManifest:
         Todas las salidas están actualizadas.
         library_ift.vcxproj -> C:\Users\Darwin\Dropbox\UNICAMP\Proc_Images_Grafos\Code\library_ift\Debug\library_ift.exe
       FinalizeBuildStatus:
         Se eliminará el archivo "Debug\library_ift.unsuccessfulbuild".
         Aplicando tarea Touch a "Debug\library_ift.lastbuildstate".
     1>Compilación del proyecto terminada "C:\Users\Darwin\Dropbox\UNICAMP\Proc_Images_Grafos\Code\library_ift\library_ift\library_ift.vcxproj" (build destinos).

Compilación correcta.

Tiempo transcurrido 00:00:02.31
